<?xml version="1.0" encoding="UTF-8"?>
<testsuite xmlns:xsi="http://www.w3.org/2001/XMLSchema-instance" xsi:noNamespaceSchemaLocation="https://maven.apache.org/surefire/maven-surefire-plugin/xsd/surefire-test-report.xsd" version="3.0.2" name="com.contrain.demo.GymcontainerApplicationTests" time="30.506" tests="1" errors="0" skipped="0" failures="0">
  <properties>
    <property name="java.specification.version" value="21"/>
    <property name="sun.jnu.encoding" value="UTF-8"/>
    <property name="java.class.path" value="/Users/stavrossamaras/Documents/GitHub/contrainer-app-1/target/test-classes:/Users/stavrossamaras/Documents/GitHub/contrainer-app-1/target/classes:/Users/stavrossamaras/.m2/repository/org/springframework/boot/spring-boot-starter-data-jpa/3.5.4-SNAPSHOT/spring-boot-starter-data-jpa-3.5.4-SNAPSHOT.jar:/Users/stavrossamaras/.m2/repository/org/springframework/boot/spring-boot-starter/3.5.4-SNAPSHOT/spring-boot-starter-3.5.4-SNAPSHOT.jar:/Users/stavrossamaras/.m2/repository/org/springframework/boot/spring-boot-starter-logging/3.5.4-SNAPSHOT/spring-boot-starter-logging-3.5.4-SNAPSHOT.jar:/Users/stavrossamaras/.m2/repository/org/apache/logging/log4j/log4j-to-slf4j/2.24.3/log4j-to-slf4j-2.24.3.jar:/Users/stavrossamaras/.m2/repository/org/apache/logging/log4j/log4j-api/2.24.3/log4j-api-2.24.3.jar:/Users/stavrossamaras/.m2/repository/org/slf4j/jul-to-slf4j/2.0.17/jul-to-slf4j-2.0.17.jar:/Users/stavrossamaras/.m2/repository/jakarta/annotation/jakarta.annotation-api/2.1.1/jakarta.annotation-api-2.1.1.jar:/Users/stavrossamaras/.m2/repository/org/yaml/snakeyaml/2.4/snakeyaml-2.4.jar:/Users/stavrossamaras/.m2/repository/org/springframework/boot/spring-boot-starter-jdbc/3.5.4-SNAPSHOT/spring-boot-starter-jdbc-3.5.4-SNAPSHOT.jar:/Users/stavrossamaras/.m2/repository/com/zaxxer/HikariCP/6.3.0/HikariCP-6.3.0.jar:/Users/stavrossamaras/.m2/repository/org/springframework/spring-jdbc/6.2.9-SNAPSHOT/spring-jdbc-6.2.9-SNAPSHOT.jar:/Users/stavrossamaras/.m2/repository/org/hibernate/orm/hibernate-core/6.6.18.Final/hibernate-core-6.6.18.Final.jar:/Users/stavrossamaras/.m2/repository/jakarta/persistence/jakarta.persistence-api/3.1.0/jakarta.persistence-api-3.1.0.jar:/Users/stavrossamaras/.m2/repository/jakarta/transaction/jakarta.transaction-api/2.0.1/jakarta.transaction-api-2.0.1.jar:/Users/stavrossamaras/.m2/repository/org/jboss/logging/jboss-logging/3.6.1.Final/jboss-logging-3.6.1.Final.jar:/Users/stavrossamaras/.m2/repository/org/hibernate/common/hibernate-commons-annotations/7.0.3.Final/hibernate-commons-annotations-7.0.3.Final.jar:/Users/stavrossamaras/.m2/repository/io/smallrye/jandex/3.2.0/jandex-3.2.0.jar:/Users/stavrossamaras/.m2/repository/com/fasterxml/classmate/1.7.0/classmate-1.7.0.jar:/Users/stavrossamaras/.m2/repository/net/bytebuddy/byte-buddy/1.17.6/byte-buddy-1.17.6.jar:/Users/stavrossamaras/.m2/repository/org/glassfish/jaxb/jaxb-runtime/4.0.5/jaxb-runtime-4.0.5.jar:/Users/stavrossamaras/.m2/repository/org/glassfish/jaxb/jaxb-core/4.0.5/jaxb-core-4.0.5.jar:/Users/stavrossamaras/.m2/repository/org/eclipse/angus/angus-activation/2.0.2/angus-activation-2.0.2.jar:/Users/stavrossamaras/.m2/repository/org/glassfish/jaxb/txw2/4.0.5/txw2-4.0.5.jar:/Users/stavrossamaras/.m2/repository/com/sun/istack/istack-commons-runtime/4.1.2/istack-commons-runtime-4.1.2.jar:/Users/stavrossamaras/.m2/repository/jakarta/inject/jakarta.inject-api/2.0.1/jakarta.inject-api-2.0.1.jar:/Users/stavrossamaras/.m2/repository/org/antlr/antlr4-runtime/4.13.0/antlr4-runtime-4.13.0.jar:/Users/stavrossamaras/.m2/repository/org/springframework/data/spring-data-jpa/3.5.1/spring-data-jpa-3.5.1.jar:/Users/stavrossamaras/.m2/repository/org/springframework/data/spring-data-commons/3.5.1/spring-data-commons-3.5.1.jar:/Users/stavrossamaras/.m2/repository/org/springframework/spring-orm/6.2.9-SNAPSHOT/spring-orm-6.2.9-SNAPSHOT.jar:/Users/stavrossamaras/.m2/repository/org/springframework/spring-aop/6.2.9-SNAPSHOT/spring-aop-6.2.9-SNAPSHOT.jar:/Users/stavrossamaras/.m2/repository/org/springframework/spring-beans/6.2.9-SNAPSHOT/spring-beans-6.2.9-SNAPSHOT.jar:/Users/stavrossamaras/.m2/repository/org/slf4j/slf4j-api/2.0.17/slf4j-api-2.0.17.jar:/Users/stavrossamaras/.m2/repository/org/springframework/spring-aspects/6.2.9-SNAPSHOT/spring-aspects-6.2.9-SNAPSHOT.jar:/Users/stavrossamaras/.m2/repository/org/aspectj/aspectjweaver/1.9.24/aspectjweaver-1.9.24.jar:/Users/stavrossamaras/.m2/repository/org/springframework/boot/spring-boot-starter-web/3.5.4-SNAPSHOT/spring-boot-starter-web-3.5.4-SNAPSHOT.jar:/Users/stavrossamaras/.m2/repository/org/springframework/boot/spring-boot-starter-json/3.5.4-SNAPSHOT/spring-boot-starter-json-3.5.4-SNAPSHOT.jar:/Users/stavrossamaras/.m2/repository/com/fasterxml/jackson/datatype/jackson-datatype-jdk8/2.19.1/jackson-datatype-jdk8-2.19.1.jar:/Users/stavrossamaras/.m2/repository/com/fasterxml/jackson/datatype/jackson-datatype-jsr310/2.19.1/jackson-datatype-jsr310-2.19.1.jar:/Users/stavrossamaras/.m2/repository/org/springframework/boot/spring-boot-starter-tomcat/3.5.4-SNAPSHOT/spring-boot-starter-tomcat-3.5.4-SNAPSHOT.jar:/Users/stavrossamaras/.m2/repository/org/apache/tomcat/embed/tomcat-embed-core/10.1.42/tomcat-embed-core-10.1.42.jar:/Users/stavrossamaras/.m2/repository/org/apache/tomcat/embed/tomcat-embed-el/10.1.42/tomcat-embed-el-10.1.42.jar:/Users/stavrossamaras/.m2/repository/org/apache/tomcat/embed/tomcat-embed-websocket/10.1.42/tomcat-embed-websocket-10.1.42.jar:/Users/stavrossamaras/.m2/repository/org/springframework/spring-web/6.2.9-SNAPSHOT/spring-web-6.2.9-SNAPSHOT.jar:/Users/stavrossamaras/.m2/repository/org/springframework/spring-webmvc/6.2.9-SNAPSHOT/spring-webmvc-6.2.9-SNAPSHOT.jar:/Users/stavrossamaras/.m2/repository/org/springframework/spring-expression/6.2.9-SNAPSHOT/spring-expression-6.2.9-SNAPSHOT.jar:/Users/stavrossamaras/.m2/repository/com/h2database/h2/2.3.232/h2-2.3.232.jar:/Users/stavrossamaras/.m2/repository/org/springframework/kafka/spring-kafka/3.3.7/spring-kafka-3.3.7.jar:/Users/stavrossamaras/.m2/repository/org/springframework/spring-context/6.2.9-SNAPSHOT/spring-context-6.2.9-SNAPSHOT.jar:/Users/stavrossamaras/.m2/repository/org/springframework/spring-messaging/6.2.9-SNAPSHOT/spring-messaging-6.2.9-SNAPSHOT.jar:/Users/stavrossamaras/.m2/repository/org/springframework/spring-tx/6.2.9-SNAPSHOT/spring-tx-6.2.9-SNAPSHOT.jar:/Users/stavrossamaras/.m2/repository/org/springframework/retry/spring-retry/2.0.12/spring-retry-2.0.12.jar:/Users/stavrossamaras/.m2/repository/org/apache/kafka/kafka-clients/3.9.1/kafka-clients-3.9.1.jar:/Users/stavrossamaras/.m2/repository/com/github/luben/zstd-jni/1.5.6-4/zstd-jni-1.5.6-4.jar:/Users/stavrossamaras/.m2/repository/org/lz4/lz4-java/1.8.0/lz4-java-1.8.0.jar:/Users/stavrossamaras/.m2/repository/org/xerial/snappy/snappy-java/1.1.10.5/snappy-java-1.1.10.5.jar:/Users/stavrossamaras/.m2/repository/io/micrometer/micrometer-observation/1.15.1/micrometer-observation-1.15.1.jar:/Users/stavrossamaras/.m2/repository/io/micrometer/micrometer-commons/1.15.1/micrometer-commons-1.15.1.jar:/Users/stavrossamaras/.m2/repository/org/springframework/boot/spring-boot-docker-compose/3.5.4-SNAPSHOT/spring-boot-docker-compose-3.5.4-SNAPSHOT.jar:/Users/stavrossamaras/.m2/repository/org/springframework/boot/spring-boot/3.5.4-SNAPSHOT/spring-boot-3.5.4-SNAPSHOT.jar:/Users/stavrossamaras/.m2/repository/com/fasterxml/jackson/core/jackson-databind/2.19.1/jackson-databind-2.19.1.jar:/Users/stavrossamaras/.m2/repository/com/fasterxml/jackson/core/jackson-annotations/2.19.1/jackson-annotations-2.19.1.jar:/Users/stavrossamaras/.m2/repository/com/fasterxml/jackson/core/jackson-core/2.19.1/jackson-core-2.19.1.jar:/Users/stavrossamaras/.m2/repository/com/fasterxml/jackson/module/jackson-module-parameter-names/2.19.1/jackson-module-parameter-names-2.19.1.jar:/Users/stavrossamaras/.m2/repository/org/springframework/boot/spring-boot-starter-test/3.5.4-SNAPSHOT/spring-boot-starter-test-3.5.4-SNAPSHOT.jar:/Users/stavrossamaras/.m2/repository/org/springframework/boot/spring-boot-test/3.5.4-SNAPSHOT/spring-boot-test-3.5.4-SNAPSHOT.jar:/Users/stavrossamaras/.m2/repository/org/springframework/boot/spring-boot-test-autoconfigure/3.5.4-SNAPSHOT/spring-boot-test-autoconfigure-3.5.4-SNAPSHOT.jar:/Users/stavrossamaras/.m2/repository/com/jayway/jsonpath/json-path/2.9.0/json-path-2.9.0.jar:/Users/stavrossamaras/.m2/repository/jakarta/xml/bind/jakarta.xml.bind-api/4.0.2/jakarta.xml.bind-api-4.0.2.jar:/Users/stavrossamaras/.m2/repository/jakarta/activation/jakarta.activation-api/2.1.3/jakarta.activation-api-2.1.3.jar:/Users/stavrossamaras/.m2/repository/net/minidev/json-smart/2.5.2/json-smart-2.5.2.jar:/Users/stavrossamaras/.m2/repository/net/minidev/accessors-smart/2.5.2/accessors-smart-2.5.2.jar:/Users/stavrossamaras/.m2/repository/org/ow2/asm/asm/9.7.1/asm-9.7.1.jar:/Users/stavrossamaras/.m2/repository/org/assertj/assertj-core/3.27.3/assertj-core-3.27.3.jar:/Users/stavrossamaras/.m2/repository/org/awaitility/awaitility/4.2.2/awaitility-4.2.2.jar:/Users/stavrossamaras/.m2/repository/org/hamcrest/hamcrest/3.0/hamcrest-3.0.jar:/Users/stavrossamaras/.m2/repository/org/junit/jupiter/junit-jupiter/5.12.2/junit-jupiter-5.12.2.jar:/Users/stavrossamaras/.m2/repository/org/junit/jupiter/junit-jupiter-params/5.12.2/junit-jupiter-params-5.12.2.jar:/Users/stavrossamaras/.m2/repository/org/junit/jupiter/junit-jupiter-engine/5.12.2/junit-jupiter-engine-5.12.2.jar:/Users/stavrossamaras/.m2/repository/org/mockito/mockito-core/5.17.0/mockito-core-5.17.0.jar:/Users/stavrossamaras/.m2/repository/net/bytebuddy/byte-buddy-agent/1.17.6/byte-buddy-agent-1.17.6.jar:/Users/stavrossamaras/.m2/repository/org/objenesis/objenesis/3.3/objenesis-3.3.jar:/Users/stavrossamaras/.m2/repository/org/mockito/mockito-junit-jupiter/5.17.0/mockito-junit-jupiter-5.17.0.jar:/Users/stavrossamaras/.m2/repository/org/skyscreamer/jsonassert/1.5.3/jsonassert-1.5.3.jar:/Users/stavrossamaras/.m2/repository/com/vaadin/external/google/android-json/0.0.20131108.vaadin1/android-json-0.0.20131108.vaadin1.jar:/Users/stavrossamaras/.m2/repository/org/springframework/spring-core/6.2.9-SNAPSHOT/spring-core-6.2.9-SNAPSHOT.jar:/Users/stavrossamaras/.m2/repository/org/springframework/spring-jcl/6.2.9-SNAPSHOT/spring-jcl-6.2.9-SNAPSHOT.jar:/Users/stavrossamaras/.m2/repository/org/springframework/spring-test/6.2.9-SNAPSHOT/spring-test-6.2.9-SNAPSHOT.jar:/Users/stavrossamaras/.m2/repository/org/xmlunit/xmlunit-core/2.10.2/xmlunit-core-2.10.2.jar:/Users/stavrossamaras/.m2/repository/org/springframework/boot/spring-boot-testcontainers/3.5.4-SNAPSHOT/spring-boot-testcontainers-3.5.4-SNAPSHOT.jar:/Users/stavrossamaras/.m2/repository/org/springframework/boot/spring-boot-autoconfigure/3.5.4-SNAPSHOT/spring-boot-autoconfigure-3.5.4-SNAPSHOT.jar:/Users/stavrossamaras/.m2/repository/org/testcontainers/testcontainers/1.21.2/testcontainers-1.21.2.jar:/Users/stavrossamaras/.m2/repository/junit/junit/4.13.2/junit-4.13.2.jar:/Users/stavrossamaras/.m2/repository/org/hamcrest/hamcrest-core/3.0/hamcrest-core-3.0.jar:/Users/stavrossamaras/.m2/repository/org/apache/commons/commons-compress/1.24.0/commons-compress-1.24.0.jar:/Users/stavrossamaras/.m2/repository/org/rnorth/duct-tape/duct-tape/1.0.8/duct-tape-1.0.8.jar:/Users/stavrossamaras/.m2/repository/org/jetbrains/annotations/17.0.0/annotations-17.0.0.jar:/Users/stavrossamaras/.m2/repository/com/github/docker-java/docker-java-api/3.4.2/docker-java-api-3.4.2.jar:/Users/stavrossamaras/.m2/repository/com/github/docker-java/docker-java-transport-zerodep/3.4.2/docker-java-transport-zerodep-3.4.2.jar:/Users/stavrossamaras/.m2/repository/com/github/docker-java/docker-java-transport/3.4.2/docker-java-transport-3.4.2.jar:/Users/stavrossamaras/.m2/repository/net/java/dev/jna/jna/5.13.0/jna-5.13.0.jar:/Users/stavrossamaras/.m2/repository/org/springframework/kafka/spring-kafka-test/3.3.7/spring-kafka-test-3.3.7.jar:/Users/stavrossamaras/.m2/repository/org/apache/zookeeper/zookeeper/3.8.4/zookeeper-3.8.4.jar:/Users/stavrossamaras/.m2/repository/org/apache/zookeeper/zookeeper-jute/3.8.4/zookeeper-jute-3.8.4.jar:/Users/stavrossamaras/.m2/repository/org/apache/yetus/audience-annotations/0.12.0/audience-annotations-0.12.0.jar:/Users/stavrossamaras/.m2/repository/io/netty/netty-handler/4.1.122.Final/netty-handler-4.1.122.Final.jar:/Users/stavrossamaras/.m2/repository/io/netty/netty-common/4.1.122.Final/netty-common-4.1.122.Final.jar:/Users/stavrossamaras/.m2/repository/io/netty/netty-resolver/4.1.122.Final/netty-resolver-4.1.122.Final.jar:/Users/stavrossamaras/.m2/repository/io/netty/netty-buffer/4.1.122.Final/netty-buffer-4.1.122.Final.jar:/Users/stavrossamaras/.m2/repository/io/netty/netty-transport/4.1.122.Final/netty-transport-4.1.122.Final.jar:/Users/stavrossamaras/.m2/repository/io/netty/netty-transport-native-unix-common/4.1.122.Final/netty-transport-native-unix-common-4.1.122.Final.jar:/Users/stavrossamaras/.m2/repository/io/netty/netty-codec/4.1.122.Final/netty-codec-4.1.122.Final.jar:/Users/stavrossamaras/.m2/repository/io/netty/netty-transport-native-epoll/4.1.122.Final/netty-transport-native-epoll-4.1.122.Final.jar:/Users/stavrossamaras/.m2/repository/io/netty/netty-transport-classes-epoll/4.1.122.Final/netty-transport-classes-epoll-4.1.122.Final.jar:/Users/stavrossamaras/.m2/repository/ch/qos/logback/logback-core/1.5.18/logback-core-1.5.18.jar:/Users/stavrossamaras/.m2/repository/ch/qos/logback/logback-classic/1.5.18/logback-classic-1.5.18.jar:/Users/stavrossamaras/.m2/repository/commons-io/commons-io/2.11.0/commons-io-2.11.0.jar:/Users/stavrossamaras/.m2/repository/org/apache/kafka/kafka-clients/3.9.1/kafka-clients-3.9.1-test.jar:/Users/stavrossamaras/.m2/repository/org/apache/kafka/kafka-server/3.9.1/kafka-server-3.9.1.jar:/Users/stavrossamaras/.m2/repository/org/apache/kafka/kafka-storage/3.9.1/kafka-storage-3.9.1.jar:/Users/stavrossamaras/.m2/repository/com/github/ben-manes/caffeine/caffeine/3.2.1/caffeine-3.2.1.jar:/Users/stavrossamaras/.m2/repository/org/jspecify/jspecify/1.0.0/jspecify-1.0.0.jar:/Users/stavrossamaras/.m2/repository/com/google/errorprone/error_prone_annotations/2.38.0/error_prone_annotations-2.38.0.jar:/Users/stavrossamaras/.m2/repository/org/apache/kafka/kafka-group-coordinator/3.9.1/kafka-group-coordinator-3.9.1.jar:/Users/stavrossamaras/.m2/repository/org/apache/kafka/kafka-transaction-coordinator/3.9.1/kafka-transaction-coordinator-3.9.1.jar:/Users/stavrossamaras/.m2/repository/org/apache/kafka/kafka-raft/3.9.1/kafka-raft-3.9.1.jar:/Users/stavrossamaras/.m2/repository/com/yammer/metrics/metrics-core/2.2.0/metrics-core-2.2.0.jar:/Users/stavrossamaras/.m2/repository/org/apache/kafka/kafka-metadata/3.9.1/kafka-metadata-3.9.1.jar:/Users/stavrossamaras/.m2/repository/org/apache/kafka/kafka-server-common/3.9.1/kafka-server-common-3.9.1.jar:/Users/stavrossamaras/.m2/repository/net/sf/jopt-simple/jopt-simple/5.0.4/jopt-simple-5.0.4.jar:/Users/stavrossamaras/.m2/repository/org/pcollections/pcollections/4.0.1/pcollections-4.0.1.jar:/Users/stavrossamaras/.m2/repository/org/apache/kafka/kafka-server-common/3.9.1/kafka-server-common-3.9.1-test.jar:/Users/stavrossamaras/.m2/repository/org/apache/kafka/kafka-streams-test-utils/3.9.1/kafka-streams-test-utils-3.9.1.jar:/Users/stavrossamaras/.m2/repository/org/apache/kafka/kafka-streams/3.9.1/kafka-streams-3.9.1.jar:/Users/stavrossamaras/.m2/repository/org/rocksdb/rocksdbjni/7.9.2/rocksdbjni-7.9.2.jar:/Users/stavrossamaras/.m2/repository/org/apache/kafka/kafka_2.13/3.9.1/kafka_2.13-3.9.1.jar:/Users/stavrossamaras/.m2/repository/org/scala-lang/scala-library/2.13.15/scala-library-2.13.15.jar:/Users/stavrossamaras/.m2/repository/org/apache/kafka/kafka-group-coordinator-api/3.9.1/kafka-group-coordinator-api-3.9.1.jar:/Users/stavrossamaras/.m2/repository/org/apache/kafka/kafka-storage-api/3.9.1/kafka-storage-api-3.9.1.jar:/Users/stavrossamaras/.m2/repository/org/apache/kafka/kafka-tools-api/3.9.1/kafka-tools-api-3.9.1.jar:/Users/stavrossamaras/.m2/repository/net/sourceforge/argparse4j/argparse4j/0.7.0/argparse4j-0.7.0.jar:/Users/stavrossamaras/.m2/repository/commons-validator/commons-validator/1.7/commons-validator-1.7.jar:/Users/stavrossamaras/.m2/repository/commons-beanutils/commons-beanutils/1.9.4/commons-beanutils-1.9.4.jar:/Users/stavrossamaras/.m2/repository/commons-digester/commons-digester/2.1/commons-digester-2.1.jar:/Users/stavrossamaras/.m2/repository/commons-collections/commons-collections/3.2.2/commons-collections-3.2.2.jar:/Users/stavrossamaras/.m2/repository/com/fasterxml/jackson/module/jackson-module-scala_2.13/2.19.1/jackson-module-scala_2.13-2.19.1.jar:/Users/stavrossamaras/.m2/repository/com/thoughtworks/paranamer/paranamer/2.8.3/paranamer-2.8.3.jar:/Users/stavrossamaras/.m2/repository/com/fasterxml/jackson/dataformat/jackson-dataformat-csv/2.19.1/jackson-dataformat-csv-2.19.1.jar:/Users/stavrossamaras/.m2/repository/org/bitbucket/b_c/jose4j/0.9.4/jose4j-0.9.4.jar:/Users/stavrossamaras/.m2/repository/org/scala-lang/modules/scala-collection-compat_2.13/2.10.0/scala-collection-compat_2.13-2.10.0.jar:/Users/stavrossamaras/.m2/repository/org/scala-lang/modules/scala-java8-compat_2.13/1.0.2/scala-java8-compat_2.13-1.0.2.jar:/Users/stavrossamaras/.m2/repository/org/scala-lang/scala-reflect/2.13.15/scala-reflect-2.13.15.jar:/Users/stavrossamaras/.m2/repository/com/typesafe/scala-logging/scala-logging_2.13/3.9.5/scala-logging_2.13-3.9.5.jar:/Users/stavrossamaras/.m2/repository/io/dropwizard/metrics/metrics-core/4.1.12.1/metrics-core-4.1.12.1.jar:/Users/stavrossamaras/.m2/repository/commons-cli/commons-cli/1.4/commons-cli-1.4.jar:/Users/stavrossamaras/.m2/repository/org/apache/kafka/kafka_2.13/3.9.1/kafka_2.13-3.9.1-test.jar:/Users/stavrossamaras/.m2/repository/org/junit/jupiter/junit-jupiter-api/5.12.2/junit-jupiter-api-5.12.2.jar:/Users/stavrossamaras/.m2/repository/org/opentest4j/opentest4j/1.3.0/opentest4j-1.3.0.jar:/Users/stavrossamaras/.m2/repository/org/junit/platform/junit-platform-commons/1.12.2/junit-platform-commons-1.12.2.jar:/Users/stavrossamaras/.m2/repository/org/apiguardian/apiguardian-api/1.1.2/apiguardian-api-1.1.2.jar:/Users/stavrossamaras/.m2/repository/org/junit/platform/junit-platform-launcher/1.12.2/junit-platform-launcher-1.12.2.jar:/Users/stavrossamaras/.m2/repository/org/junit/platform/junit-platform-engine/1.12.2/junit-platform-engine-1.12.2.jar:/Users/stavrossamaras/.m2/repository/org/testcontainers/junit-jupiter/1.21.2/junit-jupiter-1.21.2.jar:/Users/stavrossamaras/.m2/repository/org/testcontainers/kafka/1.21.2/kafka-1.21.2.jar:"/>
    <property name="java.vm.vendor" value="Oracle Corporation"/>
    <property name="sun.arch.data.model" value="64"/>
    <property name="java.vendor.url" value="https://java.oracle.com/"/>
    <property name="user.timezone" value="Europe/Athens"/>
    <property name="org.jboss.logging.provider" value="slf4j"/>
    <property name="os.name" value="Mac OS X"/>
    <property name="java.vm.specification.version" value="21"/>
    <property name="APPLICATION_NAME" value="gymcontainer"/>
    <property name="sun.java.launcher" value="SUN_STANDARD"/>
    <property name="user.country" value="GR"/>
    <property name="sun.boot.library.path" value="/Users/stavrossamaras/.sdkman/candidates/java/21.0.7-oracle/lib"/>
    <property name="sun.java.command" value="/Users/stavrossamaras/Documents/GitHub/contrainer-app-1/target/surefire/surefirebooter-20250702011530602_3.jar /Users/stavrossamaras/Documents/GitHub/contrainer-app-1/target/surefire 2025-07-02T01-15-30_417-jvmRun1 surefire-20250702011530602_1tmp surefire_0-20250702011530602_2tmp"/>
    <property name="http.nonProxyHosts" value="local|*.local|169.254/16|*.169.254/16"/>
    <property name="jdk.debug" value="release"/>
    <property name="surefire.test.class.path" value="/Users/stavrossamaras/Documents/GitHub/contrainer-app-1/target/test-classes:/Users/stavrossamaras/Documents/GitHub/contrainer-app-1/target/classes:/Users/stavrossamaras/.m2/repository/org/springframework/boot/spring-boot-starter-data-jpa/3.5.4-SNAPSHOT/spring-boot-starter-data-jpa-3.5.4-SNAPSHOT.jar:/Users/stavrossamaras/.m2/repository/org/springframework/boot/spring-boot-starter/3.5.4-SNAPSHOT/spring-boot-starter-3.5.4-SNAPSHOT.jar:/Users/stavrossamaras/.m2/repository/org/springframework/boot/spring-boot-starter-logging/3.5.4-SNAPSHOT/spring-boot-starter-logging-3.5.4-SNAPSHOT.jar:/Users/stavrossamaras/.m2/repository/org/apache/logging/log4j/log4j-to-slf4j/2.24.3/log4j-to-slf4j-2.24.3.jar:/Users/stavrossamaras/.m2/repository/org/apache/logging/log4j/log4j-api/2.24.3/log4j-api-2.24.3.jar:/Users/stavrossamaras/.m2/repository/org/slf4j/jul-to-slf4j/2.0.17/jul-to-slf4j-2.0.17.jar:/Users/stavrossamaras/.m2/repository/jakarta/annotation/jakarta.annotation-api/2.1.1/jakarta.annotation-api-2.1.1.jar:/Users/stavrossamaras/.m2/repository/org/yaml/snakeyaml/2.4/snakeyaml-2.4.jar:/Users/stavrossamaras/.m2/repository/org/springframework/boot/spring-boot-starter-jdbc/3.5.4-SNAPSHOT/spring-boot-starter-jdbc-3.5.4-SNAPSHOT.jar:/Users/stavrossamaras/.m2/repository/com/zaxxer/HikariCP/6.3.0/HikariCP-6.3.0.jar:/Users/stavrossamaras/.m2/repository/org/springframework/spring-jdbc/6.2.9-SNAPSHOT/spring-jdbc-6.2.9-SNAPSHOT.jar:/Users/stavrossamaras/.m2/repository/org/hibernate/orm/hibernate-core/6.6.18.Final/hibernate-core-6.6.18.Final.jar:/Users/stavrossamaras/.m2/repository/jakarta/persistence/jakarta.persistence-api/3.1.0/jakarta.persistence-api-3.1.0.jar:/Users/stavrossamaras/.m2/repository/jakarta/transaction/jakarta.transaction-api/2.0.1/jakarta.transaction-api-2.0.1.jar:/Users/stavrossamaras/.m2/repository/org/jboss/logging/jboss-logging/3.6.1.Final/jboss-logging-3.6.1.Final.jar:/Users/stavrossamaras/.m2/repository/org/hibernate/common/hibernate-commons-annotations/7.0.3.Final/hibernate-commons-annotations-7.0.3.Final.jar:/Users/stavrossamaras/.m2/repository/io/smallrye/jandex/3.2.0/jandex-3.2.0.jar:/Users/stavrossamaras/.m2/repository/com/fasterxml/classmate/1.7.0/classmate-1.7.0.jar:/Users/stavrossamaras/.m2/repository/net/bytebuddy/byte-buddy/1.17.6/byte-buddy-1.17.6.jar:/Users/stavrossamaras/.m2/repository/org/glassfish/jaxb/jaxb-runtime/4.0.5/jaxb-runtime-4.0.5.jar:/Users/stavrossamaras/.m2/repository/org/glassfish/jaxb/jaxb-core/4.0.5/jaxb-core-4.0.5.jar:/Users/stavrossamaras/.m2/repository/org/eclipse/angus/angus-activation/2.0.2/angus-activation-2.0.2.jar:/Users/stavrossamaras/.m2/repository/org/glassfish/jaxb/txw2/4.0.5/txw2-4.0.5.jar:/Users/stavrossamaras/.m2/repository/com/sun/istack/istack-commons-runtime/4.1.2/istack-commons-runtime-4.1.2.jar:/Users/stavrossamaras/.m2/repository/jakarta/inject/jakarta.inject-api/2.0.1/jakarta.inject-api-2.0.1.jar:/Users/stavrossamaras/.m2/repository/org/antlr/antlr4-runtime/4.13.0/antlr4-runtime-4.13.0.jar:/Users/stavrossamaras/.m2/repository/org/springframework/data/spring-data-jpa/3.5.1/spring-data-jpa-3.5.1.jar:/Users/stavrossamaras/.m2/repository/org/springframework/data/spring-data-commons/3.5.1/spring-data-commons-3.5.1.jar:/Users/stavrossamaras/.m2/repository/org/springframework/spring-orm/6.2.9-SNAPSHOT/spring-orm-6.2.9-SNAPSHOT.jar:/Users/stavrossamaras/.m2/repository/org/springframework/spring-aop/6.2.9-SNAPSHOT/spring-aop-6.2.9-SNAPSHOT.jar:/Users/stavrossamaras/.m2/repository/org/springframework/spring-beans/6.2.9-SNAPSHOT/spring-beans-6.2.9-SNAPSHOT.jar:/Users/stavrossamaras/.m2/repository/org/slf4j/slf4j-api/2.0.17/slf4j-api-2.0.17.jar:/Users/stavrossamaras/.m2/repository/org/springframework/spring-aspects/6.2.9-SNAPSHOT/spring-aspects-6.2.9-SNAPSHOT.jar:/Users/stavrossamaras/.m2/repository/org/aspectj/aspectjweaver/1.9.24/aspectjweaver-1.9.24.jar:/Users/stavrossamaras/.m2/repository/org/springframework/boot/spring-boot-starter-web/3.5.4-SNAPSHOT/spring-boot-starter-web-3.5.4-SNAPSHOT.jar:/Users/stavrossamaras/.m2/repository/org/springframework/boot/spring-boot-starter-json/3.5.4-SNAPSHOT/spring-boot-starter-json-3.5.4-SNAPSHOT.jar:/Users/stavrossamaras/.m2/repository/com/fasterxml/jackson/datatype/jackson-datatype-jdk8/2.19.1/jackson-datatype-jdk8-2.19.1.jar:/Users/stavrossamaras/.m2/repository/com/fasterxml/jackson/datatype/jackson-datatype-jsr310/2.19.1/jackson-datatype-jsr310-2.19.1.jar:/Users/stavrossamaras/.m2/repository/org/springframework/boot/spring-boot-starter-tomcat/3.5.4-SNAPSHOT/spring-boot-starter-tomcat-3.5.4-SNAPSHOT.jar:/Users/stavrossamaras/.m2/repository/org/apache/tomcat/embed/tomcat-embed-core/10.1.42/tomcat-embed-core-10.1.42.jar:/Users/stavrossamaras/.m2/repository/org/apache/tomcat/embed/tomcat-embed-el/10.1.42/tomcat-embed-el-10.1.42.jar:/Users/stavrossamaras/.m2/repository/org/apache/tomcat/embed/tomcat-embed-websocket/10.1.42/tomcat-embed-websocket-10.1.42.jar:/Users/stavrossamaras/.m2/repository/org/springframework/spring-web/6.2.9-SNAPSHOT/spring-web-6.2.9-SNAPSHOT.jar:/Users/stavrossamaras/.m2/repository/org/springframework/spring-webmvc/6.2.9-SNAPSHOT/spring-webmvc-6.2.9-SNAPSHOT.jar:/Users/stavrossamaras/.m2/repository/org/springframework/spring-expression/6.2.9-SNAPSHOT/spring-expression-6.2.9-SNAPSHOT.jar:/Users/stavrossamaras/.m2/repository/com/h2database/h2/2.3.232/h2-2.3.232.jar:/Users/stavrossamaras/.m2/repository/org/springframework/kafka/spring-kafka/3.3.7/spring-kafka-3.3.7.jar:/Users/stavrossamaras/.m2/repository/org/springframework/spring-context/6.2.9-SNAPSHOT/spring-context-6.2.9-SNAPSHOT.jar:/Users/stavrossamaras/.m2/repository/org/springframework/spring-messaging/6.2.9-SNAPSHOT/spring-messaging-6.2.9-SNAPSHOT.jar:/Users/stavrossamaras/.m2/repository/org/springframework/spring-tx/6.2.9-SNAPSHOT/spring-tx-6.2.9-SNAPSHOT.jar:/Users/stavrossamaras/.m2/repository/org/springframework/retry/spring-retry/2.0.12/spring-retry-2.0.12.jar:/Users/stavrossamaras/.m2/repository/org/apache/kafka/kafka-clients/3.9.1/kafka-clients-3.9.1.jar:/Users/stavrossamaras/.m2/repository/com/github/luben/zstd-jni/1.5.6-4/zstd-jni-1.5.6-4.jar:/Users/stavrossamaras/.m2/repository/org/lz4/lz4-java/1.8.0/lz4-java-1.8.0.jar:/Users/stavrossamaras/.m2/repository/org/xerial/snappy/snappy-java/1.1.10.5/snappy-java-1.1.10.5.jar:/Users/stavrossamaras/.m2/repository/io/micrometer/micrometer-observation/1.15.1/micrometer-observation-1.15.1.jar:/Users/stavrossamaras/.m2/repository/io/micrometer/micrometer-commons/1.15.1/micrometer-commons-1.15.1.jar:/Users/stavrossamaras/.m2/repository/org/springframework/boot/spring-boot-docker-compose/3.5.4-SNAPSHOT/spring-boot-docker-compose-3.5.4-SNAPSHOT.jar:/Users/stavrossamaras/.m2/repository/org/springframework/boot/spring-boot/3.5.4-SNAPSHOT/spring-boot-3.5.4-SNAPSHOT.jar:/Users/stavrossamaras/.m2/repository/com/fasterxml/jackson/core/jackson-databind/2.19.1/jackson-databind-2.19.1.jar:/Users/stavrossamaras/.m2/repository/com/fasterxml/jackson/core/jackson-annotations/2.19.1/jackson-annotations-2.19.1.jar:/Users/stavrossamaras/.m2/repository/com/fasterxml/jackson/core/jackson-core/2.19.1/jackson-core-2.19.1.jar:/Users/stavrossamaras/.m2/repository/com/fasterxml/jackson/module/jackson-module-parameter-names/2.19.1/jackson-module-parameter-names-2.19.1.jar:/Users/stavrossamaras/.m2/repository/org/springframework/boot/spring-boot-starter-test/3.5.4-SNAPSHOT/spring-boot-starter-test-3.5.4-SNAPSHOT.jar:/Users/stavrossamaras/.m2/repository/org/springframework/boot/spring-boot-test/3.5.4-SNAPSHOT/spring-boot-test-3.5.4-SNAPSHOT.jar:/Users/stavrossamaras/.m2/repository/org/springframework/boot/spring-boot-test-autoconfigure/3.5.4-SNAPSHOT/spring-boot-test-autoconfigure-3.5.4-SNAPSHOT.jar:/Users/stavrossamaras/.m2/repository/com/jayway/jsonpath/json-path/2.9.0/json-path-2.9.0.jar:/Users/stavrossamaras/.m2/repository/jakarta/xml/bind/jakarta.xml.bind-api/4.0.2/jakarta.xml.bind-api-4.0.2.jar:/Users/stavrossamaras/.m2/repository/jakarta/activation/jakarta.activation-api/2.1.3/jakarta.activation-api-2.1.3.jar:/Users/stavrossamaras/.m2/repository/net/minidev/json-smart/2.5.2/json-smart-2.5.2.jar:/Users/stavrossamaras/.m2/repository/net/minidev/accessors-smart/2.5.2/accessors-smart-2.5.2.jar:/Users/stavrossamaras/.m2/repository/org/ow2/asm/asm/9.7.1/asm-9.7.1.jar:/Users/stavrossamaras/.m2/repository/org/assertj/assertj-core/3.27.3/assertj-core-3.27.3.jar:/Users/stavrossamaras/.m2/repository/org/awaitility/awaitility/4.2.2/awaitility-4.2.2.jar:/Users/stavrossamaras/.m2/repository/org/hamcrest/hamcrest/3.0/hamcrest-3.0.jar:/Users/stavrossamaras/.m2/repository/org/junit/jupiter/junit-jupiter/5.12.2/junit-jupiter-5.12.2.jar:/Users/stavrossamaras/.m2/repository/org/junit/jupiter/junit-jupiter-params/5.12.2/junit-jupiter-params-5.12.2.jar:/Users/stavrossamaras/.m2/repository/org/junit/jupiter/junit-jupiter-engine/5.12.2/junit-jupiter-engine-5.12.2.jar:/Users/stavrossamaras/.m2/repository/org/mockito/mockito-core/5.17.0/mockito-core-5.17.0.jar:/Users/stavrossamaras/.m2/repository/net/bytebuddy/byte-buddy-agent/1.17.6/byte-buddy-agent-1.17.6.jar:/Users/stavrossamaras/.m2/repository/org/objenesis/objenesis/3.3/objenesis-3.3.jar:/Users/stavrossamaras/.m2/repository/org/mockito/mockito-junit-jupiter/5.17.0/mockito-junit-jupiter-5.17.0.jar:/Users/stavrossamaras/.m2/repository/org/skyscreamer/jsonassert/1.5.3/jsonassert-1.5.3.jar:/Users/stavrossamaras/.m2/repository/com/vaadin/external/google/android-json/0.0.20131108.vaadin1/android-json-0.0.20131108.vaadin1.jar:/Users/stavrossamaras/.m2/repository/org/springframework/spring-core/6.2.9-SNAPSHOT/spring-core-6.2.9-SNAPSHOT.jar:/Users/stavrossamaras/.m2/repository/org/springframework/spring-jcl/6.2.9-SNAPSHOT/spring-jcl-6.2.9-SNAPSHOT.jar:/Users/stavrossamaras/.m2/repository/org/springframework/spring-test/6.2.9-SNAPSHOT/spring-test-6.2.9-SNAPSHOT.jar:/Users/stavrossamaras/.m2/repository/org/xmlunit/xmlunit-core/2.10.2/xmlunit-core-2.10.2.jar:/Users/stavrossamaras/.m2/repository/org/springframework/boot/spring-boot-testcontainers/3.5.4-SNAPSHOT/spring-boot-testcontainers-3.5.4-SNAPSHOT.jar:/Users/stavrossamaras/.m2/repository/org/springframework/boot/spring-boot-autoconfigure/3.5.4-SNAPSHOT/spring-boot-autoconfigure-3.5.4-SNAPSHOT.jar:/Users/stavrossamaras/.m2/repository/org/testcontainers/testcontainers/1.21.2/testcontainers-1.21.2.jar:/Users/stavrossamaras/.m2/repository/junit/junit/4.13.2/junit-4.13.2.jar:/Users/stavrossamaras/.m2/repository/org/hamcrest/hamcrest-core/3.0/hamcrest-core-3.0.jar:/Users/stavrossamaras/.m2/repository/org/apache/commons/commons-compress/1.24.0/commons-compress-1.24.0.jar:/Users/stavrossamaras/.m2/repository/org/rnorth/duct-tape/duct-tape/1.0.8/duct-tape-1.0.8.jar:/Users/stavrossamaras/.m2/repository/org/jetbrains/annotations/17.0.0/annotations-17.0.0.jar:/Users/stavrossamaras/.m2/repository/com/github/docker-java/docker-java-api/3.4.2/docker-java-api-3.4.2.jar:/Users/stavrossamaras/.m2/repository/com/github/docker-java/docker-java-transport-zerodep/3.4.2/docker-java-transport-zerodep-3.4.2.jar:/Users/stavrossamaras/.m2/repository/com/github/docker-java/docker-java-transport/3.4.2/docker-java-transport-3.4.2.jar:/Users/stavrossamaras/.m2/repository/net/java/dev/jna/jna/5.13.0/jna-5.13.0.jar:/Users/stavrossamaras/.m2/repository/org/springframework/kafka/spring-kafka-test/3.3.7/spring-kafka-test-3.3.7.jar:/Users/stavrossamaras/.m2/repository/org/apache/zookeeper/zookeeper/3.8.4/zookeeper-3.8.4.jar:/Users/stavrossamaras/.m2/repository/org/apache/zookeeper/zookeeper-jute/3.8.4/zookeeper-jute-3.8.4.jar:/Users/stavrossamaras/.m2/repository/org/apache/yetus/audience-annotations/0.12.0/audience-annotations-0.12.0.jar:/Users/stavrossamaras/.m2/repository/io/netty/netty-handler/4.1.122.Final/netty-handler-4.1.122.Final.jar:/Users/stavrossamaras/.m2/repository/io/netty/netty-common/4.1.122.Final/netty-common-4.1.122.Final.jar:/Users/stavrossamaras/.m2/repository/io/netty/netty-resolver/4.1.122.Final/netty-resolver-4.1.122.Final.jar:/Users/stavrossamaras/.m2/repository/io/netty/netty-buffer/4.1.122.Final/netty-buffer-4.1.122.Final.jar:/Users/stavrossamaras/.m2/repository/io/netty/netty-transport/4.1.122.Final/netty-transport-4.1.122.Final.jar:/Users/stavrossamaras/.m2/repository/io/netty/netty-transport-native-unix-common/4.1.122.Final/netty-transport-native-unix-common-4.1.122.Final.jar:/Users/stavrossamaras/.m2/repository/io/netty/netty-codec/4.1.122.Final/netty-codec-4.1.122.Final.jar:/Users/stavrossamaras/.m2/repository/io/netty/netty-transport-native-epoll/4.1.122.Final/netty-transport-native-epoll-4.1.122.Final.jar:/Users/stavrossamaras/.m2/repository/io/netty/netty-transport-classes-epoll/4.1.122.Final/netty-transport-classes-epoll-4.1.122.Final.jar:/Users/stavrossamaras/.m2/repository/ch/qos/logback/logback-core/1.5.18/logback-core-1.5.18.jar:/Users/stavrossamaras/.m2/repository/ch/qos/logback/logback-classic/1.5.18/logback-classic-1.5.18.jar:/Users/stavrossamaras/.m2/repository/commons-io/commons-io/2.11.0/commons-io-2.11.0.jar:/Users/stavrossamaras/.m2/repository/org/apache/kafka/kafka-clients/3.9.1/kafka-clients-3.9.1-test.jar:/Users/stavrossamaras/.m2/repository/org/apache/kafka/kafka-server/3.9.1/kafka-server-3.9.1.jar:/Users/stavrossamaras/.m2/repository/org/apache/kafka/kafka-storage/3.9.1/kafka-storage-3.9.1.jar:/Users/stavrossamaras/.m2/repository/com/github/ben-manes/caffeine/caffeine/3.2.1/caffeine-3.2.1.jar:/Users/stavrossamaras/.m2/repository/org/jspecify/jspecify/1.0.0/jspecify-1.0.0.jar:/Users/stavrossamaras/.m2/repository/com/google/errorprone/error_prone_annotations/2.38.0/error_prone_annotations-2.38.0.jar:/Users/stavrossamaras/.m2/repository/org/apache/kafka/kafka-group-coordinator/3.9.1/kafka-group-coordinator-3.9.1.jar:/Users/stavrossamaras/.m2/repository/org/apache/kafka/kafka-transaction-coordinator/3.9.1/kafka-transaction-coordinator-3.9.1.jar:/Users/stavrossamaras/.m2/repository/org/apache/kafka/kafka-raft/3.9.1/kafka-raft-3.9.1.jar:/Users/stavrossamaras/.m2/repository/com/yammer/metrics/metrics-core/2.2.0/metrics-core-2.2.0.jar:/Users/stavrossamaras/.m2/repository/org/apache/kafka/kafka-metadata/3.9.1/kafka-metadata-3.9.1.jar:/Users/stavrossamaras/.m2/repository/org/apache/kafka/kafka-server-common/3.9.1/kafka-server-common-3.9.1.jar:/Users/stavrossamaras/.m2/repository/net/sf/jopt-simple/jopt-simple/5.0.4/jopt-simple-5.0.4.jar:/Users/stavrossamaras/.m2/repository/org/pcollections/pcollections/4.0.1/pcollections-4.0.1.jar:/Users/stavrossamaras/.m2/repository/org/apache/kafka/kafka-server-common/3.9.1/kafka-server-common-3.9.1-test.jar:/Users/stavrossamaras/.m2/repository/org/apache/kafka/kafka-streams-test-utils/3.9.1/kafka-streams-test-utils-3.9.1.jar:/Users/stavrossamaras/.m2/repository/org/apache/kafka/kafka-streams/3.9.1/kafka-streams-3.9.1.jar:/Users/stavrossamaras/.m2/repository/org/rocksdb/rocksdbjni/7.9.2/rocksdbjni-7.9.2.jar:/Users/stavrossamaras/.m2/repository/org/apache/kafka/kafka_2.13/3.9.1/kafka_2.13-3.9.1.jar:/Users/stavrossamaras/.m2/repository/org/scala-lang/scala-library/2.13.15/scala-library-2.13.15.jar:/Users/stavrossamaras/.m2/repository/org/apache/kafka/kafka-group-coordinator-api/3.9.1/kafka-group-coordinator-api-3.9.1.jar:/Users/stavrossamaras/.m2/repository/org/apache/kafka/kafka-storage-api/3.9.1/kafka-storage-api-3.9.1.jar:/Users/stavrossamaras/.m2/repository/org/apache/kafka/kafka-tools-api/3.9.1/kafka-tools-api-3.9.1.jar:/Users/stavrossamaras/.m2/repository/net/sourceforge/argparse4j/argparse4j/0.7.0/argparse4j-0.7.0.jar:/Users/stavrossamaras/.m2/repository/commons-validator/commons-validator/1.7/commons-validator-1.7.jar:/Users/stavrossamaras/.m2/repository/commons-beanutils/commons-beanutils/1.9.4/commons-beanutils-1.9.4.jar:/Users/stavrossamaras/.m2/repository/commons-digester/commons-digester/2.1/commons-digester-2.1.jar:/Users/stavrossamaras/.m2/repository/commons-collections/commons-collections/3.2.2/commons-collections-3.2.2.jar:/Users/stavrossamaras/.m2/repository/com/fasterxml/jackson/module/jackson-module-scala_2.13/2.19.1/jackson-module-scala_2.13-2.19.1.jar:/Users/stavrossamaras/.m2/repository/com/thoughtworks/paranamer/paranamer/2.8.3/paranamer-2.8.3.jar:/Users/stavrossamaras/.m2/repository/com/fasterxml/jackson/dataformat/jackson-dataformat-csv/2.19.1/jackson-dataformat-csv-2.19.1.jar:/Users/stavrossamaras/.m2/repository/org/bitbucket/b_c/jose4j/0.9.4/jose4j-0.9.4.jar:/Users/stavrossamaras/.m2/repository/org/scala-lang/modules/scala-collection-compat_2.13/2.10.0/scala-collection-compat_2.13-2.10.0.jar:/Users/stavrossamaras/.m2/repository/org/scala-lang/modules/scala-java8-compat_2.13/1.0.2/scala-java8-compat_2.13-1.0.2.jar:/Users/stavrossamaras/.m2/repository/org/scala-lang/scala-reflect/2.13.15/scala-reflect-2.13.15.jar:/Users/stavrossamaras/.m2/repository/com/typesafe/scala-logging/scala-logging_2.13/3.9.5/scala-logging_2.13-3.9.5.jar:/Users/stavrossamaras/.m2/repository/io/dropwizard/metrics/metrics-core/4.1.12.1/metrics-core-4.1.12.1.jar:/Users/stavrossamaras/.m2/repository/commons-cli/commons-cli/1.4/commons-cli-1.4.jar:/Users/stavrossamaras/.m2/repository/org/apache/kafka/kafka_2.13/3.9.1/kafka_2.13-3.9.1-test.jar:/Users/stavrossamaras/.m2/repository/org/junit/jupiter/junit-jupiter-api/5.12.2/junit-jupiter-api-5.12.2.jar:/Users/stavrossamaras/.m2/repository/org/opentest4j/opentest4j/1.3.0/opentest4j-1.3.0.jar:/Users/stavrossamaras/.m2/repository/org/junit/platform/junit-platform-commons/1.12.2/junit-platform-commons-1.12.2.jar:/Users/stavrossamaras/.m2/repository/org/apiguardian/apiguardian-api/1.1.2/apiguardian-api-1.1.2.jar:/Users/stavrossamaras/.m2/repository/org/junit/platform/junit-platform-launcher/1.12.2/junit-platform-launcher-1.12.2.jar:/Users/stavrossamaras/.m2/repository/org/junit/platform/junit-platform-engine/1.12.2/junit-platform-engine-1.12.2.jar:/Users/stavrossamaras/.m2/repository/org/testcontainers/junit-jupiter/1.21.2/junit-jupiter-1.21.2.jar:/Users/stavrossamaras/.m2/repository/org/testcontainers/kafka/1.21.2/kafka-1.21.2.jar:"/>
    <property name="sun.cpu.endian" value="little"/>
    <property name="user.home" value="/Users/stavrossamaras"/>
    <property name="user.language" value="en"/>
    <property name="java.specification.vendor" value="Oracle Corporation"/>
    <property name="java.version.date" value="2025-04-15"/>
    <property name="java.home" value="/Users/stavrossamaras/.sdkman/candidates/java/21.0.7-oracle"/>
    <property name="file.separator" value="/"/>
    <property name="basedir" value="/Users/stavrossamaras/Documents/GitHub/contrainer-app-1"/>
    <property name="java.vm.compressedOopsMode" value="Zero based"/>
    <property name="line.separator" value="&#10;"/>
    <property name="java.vm.specification.vendor" value="Oracle Corporation"/>
    <property name="java.specification.name" value="Java Platform API Specification"/>
    <property name="FILE_LOG_CHARSET" value="UTF-8"/>
    <property name="java.awt.headless" value="true"/>
    <property name="apple.awt.application.name" value="ForkedBooter"/>
    <property name="surefire.real.class.path" value="/Users/stavrossamaras/Documents/GitHub/contrainer-app-1/target/surefire/surefirebooter-20250702011530602_3.jar"/>
    <property name="sun.management.compiler" value="HotSpot 64-Bit Tiered Compilers"/>
    <property name="ftp.nonProxyHosts" value="local|*.local|169.254/16|*.169.254/16"/>
    <property name="java.runtime.version" value="21.0.7+8-LTS-245"/>
    <property name="user.name" value="stavrossamaras"/>
    <property name="stdout.encoding" value="UTF-8"/>
    <property name="path.separator" value=":"/>
    <property name="os.version" value="14.7.6"/>
    <property name="java.runtime.name" value="Java(TM) SE Runtime Environment"/>
    <property name="file.encoding" value="UTF-8"/>
    <property name="java.vm.name" value="Java HotSpot(TM) 64-Bit Server VM"/>
    <property name="localRepository" value="/Users/stavrossamaras/.m2/repository"/>
    <property name="java.vendor.url.bug" value="https://bugreport.java.com/bugreport/"/>
    <property name="java.io.tmpdir" value="/var/folders/c7/j05l66t92mq7bwh5jbky2ssm0000gn/T/"/>
    <property name="com.zaxxer.hikari.pool_number" value="1"/>
    <property name="java.version" value="21.0.7"/>
    <property name="user.dir" value="/Users/stavrossamaras/Documents/GitHub/contrainer-app-1"/>
    <property name="os.arch" value="x86_64"/>
    <property name="java.vm.specification.name" value="Java Virtual Machine Specification"/>
    <property name="PID" value="14049"/>
    <property name="CONSOLE_LOG_CHARSET" value="UTF-8"/>
    <property name="native.encoding" value="UTF-8"/>
    <property name="java.library.path" value="/Users/stavrossamaras/Library/Java/Extensions:/Library/Java/Extensions:/Network/Library/Java/Extensions:/System/Library/Java/Extensions:/usr/lib/java:."/>
    <property name="java.vm.info" value="mixed mode, sharing"/>
    <property name="stderr.encoding" value="UTF-8"/>
    <property name="java.vendor" value="Oracle Corporation"/>
    <property name="java.vm.version" value="21.0.7+8-LTS-245"/>
    <property name="sun.io.unicode.encoding" value="UnicodeBig"/>
    <property name="socksNonProxyHosts" value="local|*.local|169.254/16|*.169.254/16"/>
    <property name="java.class.version" value="65.0"/>
    <property name="LOGGED_APPLICATION_NAME" value="[gymcontainer] "/>
  </properties>
  <testcase name="contextLoads" classname="com.contrain.demo.GymcontainerApplicationTests" time="2.107">
    <system-out><![CDATA[01:15:32.293 [main] INFO org.springframework.test.context.support.AnnotationConfigContextLoaderUtils -- Could not detect default configuration classes for test class [com.contrain.demo.GymcontainerApplicationTests]: GymcontainerApplicationTests does not declare any static, non-private, non-final, nested classes annotated with @Configuration.
01:15:32.746 [main] INFO org.springframework.boot.test.context.SpringBootTestContextBootstrapper -- Found @SpringBootConfiguration com.contrain.demo.GymcontainerApplication for test class com.contrain.demo.GymcontainerApplicationTests

  .   ____          _            __ _ _
 /\\ / ___'_ __ _ _(_)_ __  __ _ \ \ \ \
( ( )\___ | '_ | '_| | '_ \/ _` | \ \ \ \
 \\/  ___)| |_)| | | | | || (_| |  ) ) ) )
  '  |____| .__|_| |_|_| |_\__, | / / / /
 =========|_|==============|___/=/_/_/_/

 :: Spring Boot ::       (v3.5.4-SNAPSHOT)

2025-07-02T01:15:33.813+03:00  INFO 14049 --- [gymcontainer] [           main] c.c.demo.GymcontainerApplicationTests    : Starting GymcontainerApplicationTests using Java 21.0.7 with PID 14049 (started by stavrossamaras in /Users/stavrossamaras/Documents/GitHub/contrainer-app-1)
2025-07-02T01:15:33.843+03:00  INFO 14049 --- [gymcontainer] [           main] c.c.demo.GymcontainerApplicationTests    : No active profile set, falling back to 1 default profile: "default"
2025-07-02T01:15:35.300+03:00  INFO 14049 --- [gymcontainer] [           main] .s.d.r.c.RepositoryConfigurationDelegate : Bootstrapping Spring Data JPA repositories in DEFAULT mode.
2025-07-02T01:15:35.343+03:00  INFO 14049 --- [gymcontainer] [           main] .s.d.r.c.RepositoryConfigurationDelegate : Finished Spring Data repository scanning in 24 ms. Found 0 JPA repository interfaces.
2025-07-02T01:15:36.137+03:00  INFO 14049 --- [gymcontainer] [           main] com.zaxxer.hikari.HikariDataSource       : HikariPool-1 - Starting...
2025-07-02T01:15:36.483+03:00  INFO 14049 --- [gymcontainer] [           main] com.zaxxer.hikari.pool.HikariPool        : HikariPool-1 - Added connection conn0: url=jdbc:h2:mem:e085787d-58bc-4f2c-af3e-1e8493cc0434 user=SA
2025-07-02T01:15:36.487+03:00  INFO 14049 --- [gymcontainer] [           main] com.zaxxer.hikari.HikariDataSource       : HikariPool-1 - Start completed.
2025-07-02T01:15:36.596+03:00  INFO 14049 --- [gymcontainer] [           main] o.hibernate.jpa.internal.util.LogHelper  : HHH000204: Processing PersistenceUnitInfo [name: default]
2025-07-02T01:15:36.748+03:00  INFO 14049 --- [gymcontainer] [           main] org.hibernate.Version                    : HHH000412: Hibernate ORM core version 6.6.18.Final
2025-07-02T01:15:36.848+03:00  INFO 14049 --- [gymcontainer] [           main] o.h.c.internal.RegionFactoryInitiator    : HHH000026: Second-level cache disabled
2025-07-02T01:15:37.402+03:00  INFO 14049 --- [gymcontainer] [           main] o.s.o.j.p.SpringPersistenceUnitInfo      : No LoadTimeWeaver setup: ignoring JPA class transformer
2025-07-02T01:15:37.556+03:00  INFO 14049 --- [gymcontainer] [           main] org.hibernate.orm.connections.pooling    : HHH10001005: Database info:
	Database JDBC URL [Connecting through datasource 'HikariDataSource (HikariPool-1)']
	Database driver: undefined/unknown
	Database version: 2.3.232
	Autocommit mode: undefined/unknown
	Isolation level: undefined/unknown
	Minimum pool size: undefined/unknown
	Maximum pool size: undefined/unknown
2025-07-02T01:15:38.696+03:00  INFO 14049 --- [gymcontainer] [           main] o.h.e.t.j.p.i.JtaPlatformInitiator       : HHH000489: No JTA platform available (set 'hibernate.transaction.jta.platform' to enable JTA platform integration)
2025-07-02T01:15:38.704+03:00  INFO 14049 --- [gymcontainer] [           main] j.LocalContainerEntityManagerFactoryBean : Initialized JPA EntityManagerFactory for persistence unit 'default'
2025-07-02T01:15:38.782+03:00  INFO 14049 --- [gymcontainer] [           main] org.testcontainers.images.PullPolicy     : Image pull policy will be performed by: DefaultPullPolicy()
2025-07-02T01:15:38.790+03:00  INFO 14049 --- [gymcontainer] [           main] o.t.utility.ImageNameSubstitutor         : Image name substitution will be performed by: DefaultImageNameSubstitutor (composite of 'ConfigurationFileImageNameSubstitutor' and 'PrefixingImageNameSubstitutor')
2025-07-02T01:15:38.831+03:00  INFO 14049 --- [gymcontainer] [           main] org.testcontainers.DockerClientFactory   : Testcontainers version: 1.21.2
2025-07-02T01:15:39.670+03:00  INFO 14049 --- [gymcontainer] [           main] o.t.d.DockerClientProviderStrategy       : Found Docker environment with local Unix socket (unix:///var/run/docker.sock)
2025-07-02T01:15:39.678+03:00  INFO 14049 --- [gymcontainer] [           main] org.testcontainers.DockerClientFactory   : Docker host IP address is localhost
2025-07-02T01:15:39.746+03:00  INFO 14049 --- [gymcontainer] [           main] org.testcontainers.DockerClientFactory   : Connected to docker: 
  Server Version: 28.2.2
  API Version: 1.50
  Operating System: Docker Desktop
  Total Memory: 7840 MB
  Labels: 
    com.docker.desktop.address=unix:///Users/stavrossamaras/Library/Containers/com.docker.docker/Data/docker-cli.sock
2025-07-02T01:15:39.826+03:00  INFO 14049 --- [gymcontainer] [           main] tc.testcontainers/ryuk:0.12.0            : Pulling docker image: testcontainers/ryuk:0.12.0. Please be patient; this may take some time but only needs to be done once.
2025-07-02T01:15:42.110+03:00  INFO 14049 --- [gymcontainer] [ream--161404536] tc.testcontainers/ryuk:0.12.0            : Starting to pull image
2025-07-02T01:15:42.147+03:00  INFO 14049 --- [gymcontainer] [ream--161404536] tc.testcontainers/ryuk:0.12.0            : Pulling image layers:  0 pending,  0 downloaded,  0 extracted, (0 bytes/0 bytes)
2025-07-02T01:15:43.300+03:00  INFO 14049 --- [gymcontainer] [ream--161404536] tc.testcontainers/ryuk:0.12.0            : Pulling image layers:  2 pending,  1 downloaded,  0 extracted, (2 MB/? MB)
2025-07-02T01:15:43.400+03:00  INFO 14049 --- [gymcontainer] [ream--161404536] tc.testcontainers/ryuk:0.12.0            : Pulling image layers:  1 pending,  2 downloaded,  0 extracted, (2 MB/? MB)
2025-07-02T01:15:43.503+03:00  INFO 14049 --- [gymcontainer] [ream--161404536] tc.testcontainers/ryuk:0.12.0            : Pulling image layers:  1 pending,  2 downloaded,  1 extracted, (2 MB/? MB)
2025-07-02T01:15:43.598+03:00  INFO 14049 --- [gymcontainer] [ream--161404536] tc.testcontainers/ryuk:0.12.0            : Pulling image layers:  1 pending,  2 downloaded,  2 extracted, (2 MB/? MB)
2025-07-02T01:15:44.999+03:00  INFO 14049 --- [gymcontainer] [ream--161404536] tc.testcontainers/ryuk:0.12.0            : Pulling image layers:  0 pending,  3 downloaded,  2 extracted, (8 MB/10 MB)
2025-07-02T01:15:45.052+03:00  INFO 14049 --- [gymcontainer] [ream--161404536] tc.testcontainers/ryuk:0.12.0            : Pulling image layers:  0 pending,  3 downloaded,  3 extracted, (8 MB/10 MB)
2025-07-02T01:15:45.057+03:00  INFO 14049 --- [gymcontainer] [ream--161404536] tc.testcontainers/ryuk:0.12.0            : Pull complete. 3 layers, pulled in 2s (downloaded 8 MB at 4 MB/s)
2025-07-02T01:15:45.058+03:00  INFO 14049 --- [gymcontainer] [           main] tc.testcontainers/ryuk:0.12.0            : Image testcontainers/ryuk:0.12.0 pull took PT5.231019S
2025-07-02T01:15:45.228+03:00  INFO 14049 --- [gymcontainer] [           main] tc.testcontainers/ryuk:0.12.0            : Creating container for image: testcontainers/ryuk:0.12.0
2025-07-02T01:15:45.603+03:00  INFO 14049 --- [gymcontainer] [           main] tc.testcontainers/ryuk:0.12.0            : Container testcontainers/ryuk:0.12.0 is starting: 31f61e4cd2b5a4e08b282c6b25711b34542d37953249e9bb401a2a6479284a43
2025-07-02T01:15:46.545+03:00  INFO 14049 --- [gymcontainer] [           main] tc.testcontainers/ryuk:0.12.0            : Container testcontainers/ryuk:0.12.0 started in PT1.316338S
2025-07-02T01:15:46.562+03:00  INFO 14049 --- [gymcontainer] [           main] o.t.utility.RyukResourceReaper           : Ryuk started - will monitor and terminate Testcontainers containers on JVM exit
2025-07-02T01:15:46.563+03:00  INFO 14049 --- [gymcontainer] [           main] org.testcontainers.DockerClientFactory   : Checking the system...
2025-07-02T01:15:46.564+03:00  INFO 14049 --- [gymcontainer] [           main] org.testcontainers.DockerClientFactory   : ✔︎ Docker server version should be at least 1.6.0
2025-07-02T01:15:46.575+03:00  INFO 14049 --- [gymcontainer] [           main] tc.apache/kafka-native:latest            : Pulling docker image: apache/kafka-native:latest. Please be patient; this may take some time but only needs to be done once.
2025-07-02T01:15:47.859+03:00  INFO 14049 --- [gymcontainer] [eam--1021916809] tc.apache/kafka-native:latest            : Starting to pull image
2025-07-02T01:15:47.861+03:00  INFO 14049 --- [gymcontainer] [eam--1021916809] tc.apache/kafka-native:latest            : Pulling image layers:  0 pending,  0 downloaded,  0 extracted, (0 bytes/0 bytes)
2025-07-02T01:15:50.494+03:00  INFO 14049 --- [gymcontainer] [eam--1021916809] tc.apache/kafka-native:latest            : Pulling image layers:  7 pending,  1 downloaded,  0 extracted, (3 MB/? MB)
2025-07-02T01:15:50.694+03:00  INFO 14049 --- [gymcontainer] [eam--1021916809] tc.apache/kafka-native:latest            : Pulling image layers:  7 pending,  1 downloaded,  1 extracted, (3 MB/? MB)
2025-07-02T01:15:50.793+03:00  INFO 14049 --- [gymcontainer] [eam--1021916809] tc.apache/kafka-native:latest            : Pulling image layers:  6 pending,  2 downloaded,  1 extracted, (3 MB/? MB)
2025-07-02T01:15:51.012+03:00  INFO 14049 --- [gymcontainer] [eam--1021916809] tc.apache/kafka-native:latest            : Pulling image layers:  5 pending,  3 downloaded,  1 extracted, (3 MB/? MB)
2025-07-02T01:15:51.096+03:00  INFO 14049 --- [gymcontainer] [eam--1021916809] tc.apache/kafka-native:latest            : Pulling image layers:  4 pending,  4 downloaded,  1 extracted, (3 MB/? MB)
2025-07-02T01:15:51.193+03:00  INFO 14049 --- [gymcontainer] [eam--1021916809] tc.apache/kafka-native:latest            : Pulling image layers:  3 pending,  5 downloaded,  1 extracted, (5 MB/? MB)
2025-07-02T01:15:51.195+03:00  INFO 14049 --- [gymcontainer] [eam--1021916809] tc.apache/kafka-native:latest            : Pulling image layers:  2 pending,  6 downloaded,  1 extracted, (5 MB/? MB)
2025-07-02T01:15:51.299+03:00  INFO 14049 --- [gymcontainer] [eam--1021916809] tc.apache/kafka-native:latest            : Pulling image layers:  2 pending,  6 downloaded,  2 extracted, (7 MB/? MB)
2025-07-02T01:15:51.396+03:00  INFO 14049 --- [gymcontainer] [eam--1021916809] tc.apache/kafka-native:latest            : Pulling image layers:  2 pending,  6 downloaded,  3 extracted, (7 MB/? MB)
2025-07-02T01:15:51.493+03:00  INFO 14049 --- [gymcontainer] [eam--1021916809] tc.apache/kafka-native:latest            : Pulling image layers:  1 pending,  7 downloaded,  3 extracted, (9 MB/? MB)
2025-07-02T01:15:54.895+03:00  INFO 14049 --- [gymcontainer] [eam--1021916809] tc.apache/kafka-native:latest            : Pulling image layers:  0 pending,  8 downloaded,  3 extracted, (45 MB/46 MB)
2025-07-02T01:15:56.693+03:00  INFO 14049 --- [gymcontainer] [eam--1021916809] tc.apache/kafka-native:latest            : Pulling image layers:  0 pending,  8 downloaded,  4 extracted, (45 MB/46 MB)
2025-07-02T01:15:56.700+03:00  INFO 14049 --- [gymcontainer] [eam--1021916809] tc.apache/kafka-native:latest            : Pulling image layers:  0 pending,  8 downloaded,  5 extracted, (45 MB/46 MB)
2025-07-02T01:15:56.796+03:00  INFO 14049 --- [gymcontainer] [eam--1021916809] tc.apache/kafka-native:latest            : Pulling image layers:  0 pending,  8 downloaded,  6 extracted, (45 MB/46 MB)
2025-07-02T01:15:56.799+03:00  INFO 14049 --- [gymcontainer] [eam--1021916809] tc.apache/kafka-native:latest            : Pulling image layers:  0 pending,  8 downloaded,  7 extracted, (45 MB/46 MB)
2025-07-02T01:15:56.801+03:00  INFO 14049 --- [gymcontainer] [eam--1021916809] tc.apache/kafka-native:latest            : Pulling image layers:  0 pending,  8 downloaded,  8 extracted, (45 MB/46 MB)
2025-07-02T01:15:56.863+03:00  INFO 14049 --- [gymcontainer] [eam--1021916809] tc.apache/kafka-native:latest            : Pull complete. 8 layers, pulled in 9s (downloaded 45 MB at 5 MB/s)
2025-07-02T01:15:56.863+03:00  INFO 14049 --- [gymcontainer] [           main] tc.apache/kafka-native:latest            : Image apache/kafka-native:latest pull took PT10.288053S
2025-07-02T01:15:56.979+03:00  INFO 14049 --- [gymcontainer] [           main] tc.apache/kafka-native:latest            : Creating container for image: apache/kafka-native:latest
2025-07-02T01:15:57.384+03:00  INFO 14049 --- [gymcontainer] [           main] tc.apache/kafka-native:latest            : Container apache/kafka-native:latest is starting: 738ba29c37413cd35c9063e3048f7c34ab4c1067a78ce1b6848eb2b4bc9658b7
2025-07-02T01:15:59.179+03:00  INFO 14049 --- [gymcontainer] [           main] tc.apache/kafka-native:latest            : Container apache/kafka-native:latest started in PT2.200407S
2025-07-02T01:15:59.422+03:00  WARN 14049 --- [gymcontainer] [           main] JpaBaseConfiguration$JpaWebConfiguration : spring.jpa.open-in-view is enabled by default. Therefore, database queries may be performed during view rendering. Explicitly configure spring.jpa.open-in-view to disable this warning
2025-07-02T01:16:00.395+03:00  INFO 14049 --- [gymcontainer] [           main] c.c.demo.GymcontainerApplicationTests    : Started GymcontainerApplicationTests in 27.266 seconds (process running for 29.61)
]]></system-out>
    <system-err><![CDATA[Mockito is currently self-attaching to enable the inline-mock-maker. This will no longer work in future releases of the JDK. Please add Mockito as an agent to your build as described in Mockito's documentation: https://javadoc.io/doc/org.mockito/mockito-core/latest/org.mockito/org/mockito/Mockito.html#0.3
WARNING: A Java agent has been loaded dynamically (/Users/stavrossamaras/.m2/repository/net/bytebuddy/byte-buddy-agent/1.17.6/byte-buddy-agent-1.17.6.jar)
WARNING: If a serviceability tool is in use, please run with -XX:+EnableDynamicAgentLoading to hide this warning
WARNING: If a serviceability tool is not in use, please run with -Djdk.instrument.traceUsage for more information
WARNING: Dynamic loading of agents will be disallowed by default in a future release
]]></system-err>
  </testcase>
</testsuite>